<?xml version="1.0" encoding="UTF-8"?>
<!-- Generated by org.testng.reporters.JUnitReportReporter -->
<testsuite hostname="DESKTOP-NBJIR28" failures="0" tests="1" name="FirstCheck.VerifyLoginInApplication" time="8.588" errors="0" timestamp="2024-02-13T17:23:28 IST" skipped="0">
  <testcase classname="FirstCheck.VerifyLoginInApplication" name="VerifyLogin" time="8.588"/>
</testsuite> <!-- FirstCheck.VerifyLoginInApplication -->
