<?xml version="1.0" encoding="UTF-8"?>
<!-- Generated by org.testng.reporters.JUnitReportReporter -->
<testsuite hostname="DESKTOP-NBJIR28" failures="0" tests="1" name="TestCases.VerifyBookAppointmentFromPickStylistaAndDate" time="26.314" errors="0" timestamp="2024-03-04T20:18:35 IST" skipped="0">
  <testcase classname="TestCases.VerifyBookAppointmentFromPickStylistaAndDate" name="BookAppointmentFromPickStylistAndDate" time="26.314"/>
</testsuite> <!-- TestCases.VerifyBookAppointmentFromPickStylistaAndDate -->
