<?xml version="1.0" encoding="UTF-8"?>
<!-- Generated by org.testng.reporters.JUnitReportReporter -->
<testsuite hostname="DESKTOP-NBJIR28" failures="0" tests="1" name="TestCases.ExtentReportTest" time="9.689" errors="0" timestamp="2024-03-03T11:41:18 IST" skipped="0">
  <testcase classname="TestCases.ExtentReportTest" name="extentReportTest" time="9.689"/>
</testsuite> <!-- TestCases.ExtentReportTest -->
