<?xml version="1.0" encoding="UTF-8"?>
<!-- Generated by org.testng.reporters.JUnitReportReporter -->
<testsuite hostname="DESKTOP-NBJIR28" failures="0" tests="1" name="TestCases.VerifyAddFeaturServiceInCart" time="92.044" errors="0" timestamp="2024-02-29T19:21:23 IST" skipped="0">
  <testcase classname="TestCases.VerifyAddFeaturServiceInCart" name="BookFeaturedService" time="92.044"/>
</testsuite> <!-- TestCases.VerifyAddFeaturServiceInCart -->
