<?xml version="1.0" encoding="UTF-8"?>
<!-- Generated by org.testng.reporters.JUnitReportReporter -->
<testsuite hostname="DESKTOP-NBJIR28" failures="0" tests="1" name="TestCases.VerifyAddFeaturServiceInCart" time="33.622" errors="0" timestamp="2024-02-20T11:09:09 IST" skipped="0">
  <testcase classname="TestCases.VerifyAddFeaturServiceInCart" name="loginAndBookAppointment" time="33.622"/>
</testsuite> <!-- TestCases.VerifyAddFeaturServiceInCart -->
