<?xml version="1.0" encoding="UTF-8"?>
<!-- Generated by org.testng.reporters.JUnitReportReporter -->
<testsuite hostname="DESKTOP-NBJIR28" failures="0" tests="1" name="TestCases.VerifyAddFeaturServiceInCart" time="36.461" errors="0" timestamp="2024-03-03T13:06:29 IST" skipped="0">
  <testcase classname="TestCases.VerifyAddFeaturServiceInCart" name="BookFeaturedService" time="36.461"/>
</testsuite> <!-- TestCases.VerifyAddFeaturServiceInCart -->
