<?xml version="1.0" encoding="UTF-8"?>
<!-- Generated by org.testng.reporters.JUnitReportReporter -->
<testsuite hostname="DESKTOP-NBJIR28" failures="0" tests="1" name="TestCases.VerifyAddFeaturServiceInCart" time="37.575" errors="0" timestamp="2024-03-09T19:04:50 IST" skipped="0">
  <testcase classname="TestCases.VerifyAddFeaturServiceInCart" name="BookFeaturedService" time="37.575"/>
</testsuite> <!-- TestCases.VerifyAddFeaturServiceInCart -->
