<?xml version="1.0" encoding="UTF-8"?>
<!-- Generated by org.testng.reporters.JUnitReportReporter -->
<testsuite hostname="DESKTOP-NBJIR28" failures="0" tests="1" name="TestCases.VerifyLoginAndLogout" time="35.445" errors="0" timestamp="2024-03-03T13:13:57 IST" skipped="0">
  <testcase classname="TestCases.VerifyLoginAndLogout" name="loginAndLogout" time="35.445"/>
</testsuite> <!-- TestCases.VerifyLoginAndLogout -->
