<?xml version="1.0" encoding="UTF-8"?>
<!-- Generated by org.testng.reporters.JUnitReportReporter -->
<testsuite hostname="DESKTOP-NBJIR28" failures="0" tests="1" name="TestCases.VerifyAddFeaturServiceInCart" time="33.718" errors="0" timestamp="2024-02-21T18:09:53 IST" skipped="0">
  <testcase classname="TestCases.VerifyAddFeaturServiceInCart" name="loginAndBookAppointment" time="33.718"/>
</testsuite> <!-- TestCases.VerifyAddFeaturServiceInCart -->
