<?xml version="1.0" encoding="UTF-8"?>
<!-- Generated by org.testng.reporters.JUnitReportReporter -->
<testsuite hostname="DESKTOP-NBJIR28" failures="0" tests="1" name="TestCases.VerifyAddFeaturServiceInCart" time="43.870" errors="0" timestamp="2024-03-03T18:51:24 IST" skipped="0">
  <testcase classname="TestCases.VerifyAddFeaturServiceInCart" name="BookFeaturedService" time="43.870"/>
</testsuite> <!-- TestCases.VerifyAddFeaturServiceInCart -->
