<?xml version="1.0" encoding="UTF-8"?>
<!-- Generated by org.testng.reporters.JUnitReportReporter -->
<testsuite hostname="DESKTOP-NBJIR28" failures="0" tests="1" name="TestCases.VerifyLoginAndBookAppointmentFromFirstAvailableSlots" time="30.779" errors="0" timestamp="2024-02-21T18:09:53 IST" skipped="0">
  <testcase classname="TestCases.VerifyLoginAndBookAppointmentFromFirstAvailableSlots" name="loginAndBookAppointment" time="30.779"/>
</testsuite> <!-- TestCases.VerifyLoginAndBookAppointmentFromFirstAvailableSlots -->
